#
# There is insufficient memory for the Java Runtime Environment to continue.
# Native memory allocation (malloc) failed to allocate 90177536 bytes for committing reserved memory.
# Possible reasons:
#   The system is out of physical RAM or swap space
#   In 32 bit mode, the process size limit was hit
# Possible solutions:
#   Reduce memory load on the system
#   Increase physical memory or swap space
#   Check if swap backing store is full
#   Use 64 bit Java on a 64 bit OS
#   Decrease Java heap size (-Xmx/-Xms)
#   Decrease number of Java threads
#   Decrease Java thread stack sizes (-Xss)
#   Set larger code cache with -XX:ReservedCodeCacheSize=
# This output file may be truncated or incomplete.
#
#  Out of Memory Error (os_linux.cpp:2809), pid=16636, tid=139759746303744
#
# JRE version: OpenJDK Runtime Environment (7.0_79-b14) (build 1.7.0_79-b14)
# Java VM: OpenJDK 64-Bit Server VM (24.79-b02 mixed mode linux-amd64 compressed oops)
# Derivative: IcedTea 2.5.6
# Distribution: Ubuntu 14.04 LTS, package 7u79-2.5.6-0ubuntu1.14.04.1
# Failed to write core dump. Core dumps have been disabled. To enable core dumping, try "ulimit -c unlimited" before starting Java again
#

---------------  T H R E A D  ---------------

Current thread (0x00007f1c60078800):  VMThread [stack: 0x00007f1c59f84000,0x00007f1c5a085000] [id=16645]

Stack: [0x00007f1c59f84000,0x00007f1c5a085000],  sp=0x00007f1c5a083490,  free space=1021k
Native frames: (J=compiled Java code, j=interpreted, Vv=VM code, C=native code)
V  [libjvm.so+0x94afd5]  VMError::report_and_die()+0x175
V  [libjvm.so+0x48b9f4]  report_vm_out_of_memory(char const*, int, unsigned long, char const*)+0x74
V  [libjvm.so+0x7c809b]  os::pd_commit_memory(char*, unsigned long, unsigned long, bool)+0xeb
V  [libjvm.so+0x7c2b3f]  os::commit_memory(char*, unsigned long, unsigned long, bool)+0x1f
V  [libjvm.so+0x83503b]  PSVirtualSpace::expand_by(unsigned long)+0x5b
V  [libjvm.so+0x824d8b]  PSOldGen::expand_by(unsigned long) [clone .part.80]+0x1b
V  [libjvm.so+0x824f4b]  PSOldGen::expand(unsigned long) [clone .part.81]+0xdb
V  [libjvm.so+0x825e78]  PSOldGen::resize(unsigned long)+0x188
V  [libjvm.so+0x82cf44]  PSParallelCompact::invoke_no_policy(bool)+0x9c4
V  [libjvm.so+0x83317d]  PSScavenge::invoke()+0x17d
V  [libjvm.so+0x7e9723]  ParallelScavengeHeap::failed_mem_allocate(unsigned long)+0x63
V  [libjvm.so+0x94c9d4]  VM_ParallelGCFailedAllocation::doit()+0x84
V  [libjvm.so+0x950ed7]  VM_Operation::evaluate()+0x47
V  [libjvm.so+0x94f848]  VMThread::evaluate_operation(VM_Operation*)+0x318
V  [libjvm.so+0x94fca9]  VMThread::loop()+0x219
V  [libjvm.so+0x9500f2]  VMThread::run()+0x72
V  [libjvm.so+0x7c4f62]  java_start(Thread*)+0xf2

VM_Operation (0x00007f1c5305a770): ParallelGCFailedAllocation, mode: safepoint, requested by thread 0x00007f1c60e09000


---------------  P R O C E S S  ---------------

Java Threads: ( => current thread )
  0x00007f1c2001a800 JavaThread "ForkJoinPool-1-worker-1" daemon [_thread_blocked, id=16677, stack(0x00007f1c523f2000,0x00007f1c524f3000)]
  0x00007f1c6096c000 JavaThread "ForkJoinPool-1-worker-3" daemon [_thread_blocked, id=16676, stack(0x00007f1c524f3000,0x00007f1c525f4000)]
  0x00007f1c60a4f000 JavaThread "IOManager reader thread #1" daemon [_thread_blocked, id=16675, stack(0x00007f1c525f4000,0x00007f1c526f5000)]
  0x00007f1c60a4b800 JavaThread "IOManager writer thread #1" daemon [_thread_blocked, id=16674, stack(0x00007f1c526f5000,0x00007f1c527f6000)]
  0x00007f1c60ed3800 JavaThread "Timer-0" daemon [_thread_blocked, id=16673, stack(0x00007f1c527f6000,0x00007f1c528f7000)]
  0x00007f1c60ec3800 JavaThread "BLOB Server listener at 34399" daemon [_thread_in_native, id=16672, stack(0x00007f1c528f7000,0x00007f1c529f8000)]
  0x00007f1c1c001800 JavaThread "flink-akka.actor.default-dispatcher-5" daemon [_thread_blocked, id=16671, stack(0x00007f1c529f8000,0x00007f1c52af9000)]
  0x00007f1c60ea6800 JavaThread "flink-akka.actor.default-dispatcher-4" daemon [_thread_blocked, id=16670, stack(0x00007f1c52c58000,0x00007f1c52d59000)]
  0x00007f1c60ea5000 JavaThread "flink-akka.actor.default-dispatcher-3" daemon [_thread_blocked, id=16669, stack(0x00007f1c52d59000,0x00007f1c52e5a000)]
  0x00007f1c60e8b000 JavaThread "flink-akka.actor.default-dispatcher-2" daemon [_thread_blocked, id=16668, stack(0x00007f1c52e5a000,0x00007f1c52f5b000)]
  0x00007f1c60e09000 JavaThread "flink-scheduler-1" daemon [_thread_blocked, id=16667, stack(0x00007f1c52f5b000,0x00007f1c5305c000)]
  0x00007f1c60cb3000 JavaThread "metrics-meter-tick-thread-1" daemon [_thread_blocked, id=16662, stack(0x00007f1c5305c000,0x00007f1c5315d000)]
  0x00007f1c600c5800 JavaThread "Service Thread" daemon [_thread_blocked, id=16660, stack(0x00007f1c59476000,0x00007f1c59577000)]
  0x00007f1c600c3000 JavaThread "C2 CompilerThread1" daemon [_thread_blocked, id=16659, stack(0x00007f1c59577000,0x00007f1c59678000)]
  0x00007f1c600c0000 JavaThread "C2 CompilerThread0" daemon [_thread_blocked, id=16658, stack(0x00007f1c59678000,0x00007f1c59779000)]
  0x00007f1c34001000 JavaThread "JDWP Command Reader" daemon [_thread_blocked, id=16655, stack(0x00007f1c59779000,0x00007f1c5987a000)]
  0x00007f1c600bd800 JavaThread "JDWP Event Helper Thread" daemon [_thread_blocked, id=16653, stack(0x00007f1c5987a000,0x00007f1c5997b000)]
  0x00007f1c600ba000 JavaThread "JDWP Transport Listener: dt_socket" daemon [_thread_blocked, id=16651, stack(0x00007f1c5997b000,0x00007f1c59a7c000)]
  0x00007f1c600ab000 JavaThread "Signal Dispatcher" daemon [_thread_blocked, id=16649, stack(0x00007f1c59c81000,0x00007f1c59d82000)]
  0x00007f1c6007f000 JavaThread "Finalizer" daemon [_thread_blocked, id=16647, stack(0x00007f1c59d82000,0x00007f1c59e83000)]
  0x00007f1c6007d000 JavaThread "Reference Handler" daemon [_thread_blocked, id=16646, stack(0x00007f1c59e83000,0x00007f1c59f84000)]
  0x00007f1c60011800 JavaThread "main" [_thread_blocked, id=16642, stack(0x00007f1c67cee000,0x00007f1c67def000)]

Other Threads:
=>0x00007f1c60078800 VMThread [stack: 0x00007f1c59f84000,0x00007f1c5a085000] [id=16645]
  0x00007f1c600d0000 WatcherThread [stack: 0x00007f1c59375000,0x00007f1c59476000] [id=16661]

VM state:at safepoint (normal execution)

VM Mutex/Monitor currently owned by a thread:  ([mutex/lock_event])
[0x00007f1c6000d930] ExpandHeap_lock - owner thread: 0x00007f1c60078800
[0x00007f1c6000dfb0] Threads_lock - owner thread: 0x00007f1c60078800
[0x00007f1c6000e4b0] Heap_lock - owner thread: 0x00007f1c60e09000

Heap
 PSYoungGen      total 136192K, used 36337K [0x00000000f2200000, 0x0000000100000000, 0x0000000100000000)
  eden space 75776K, 0% used [0x00000000f2200000,0x00000000f2200000,0x00000000f6c00000)
  from space 60416K, 60% used [0x00000000fc500000,0x00000000fe87c6f0,0x0000000100000000)
  to   space 75776K, 0% used [0x00000000f6c00000,0x00000000f6c00000,0x00000000fb600000)
 ParOldGen       total 200704K, used 200293K [0x00000000d6600000, 0x00000000e2a00000, 0x00000000f2200000)
  object space 200704K, 99% used [0x00000000d6600000,0x00000000e2999440,0x00000000e2a00000)
 PSPermGen       total 59904K, used 30232K [0x00000000cc000000, 0x00000000cfa80000, 0x00000000d6600000)
  object space 59904K, 50% used [0x00000000cc000000,0x00000000cdd86088,0x00000000cfa80000)

Card table byte_map: [0x00007f1c5ca4a000,0x00007f1c5cbeb000] byte_map_base: 0x00007f1c5c3ea000

Polling page: 0x00007f1c67e07000

Code Cache  [0x00007f1c5cbeb000, 0x00007f1c5ce5b000, 0x00007f1c5fbeb000)
 total_blobs=750 nmethods=421 adapters=290 free_code_cache=47729Kb largest_free_block=48757120

Compilation events (10 events):
Event: 10,625 Thread 0x00007f1c600c0000  437             java.util.concurrent.locks.AbstractOwnableSynchronizer::getExclusiveOwnerThread (5 bytes)
Event: 10,625 Thread 0x00007f1c600c0000 nmethod 437 0x00007f1c5ccca3d0 code [0x00007f1c5ccca500, 0x00007f1c5ccca558]
Event: 10,629 Thread 0x00007f1c600c0000  438             java.util.concurrent.locks.AbstractQueuedSynchronizer::setState (6 bytes)
Event: 10,629 Thread 0x00007f1c600c0000 nmethod 438 0x00007f1c5ccca190 code [0x00007f1c5ccca2c0, 0x00007f1c5ccca318]
Event: 10,630 Thread 0x00007f1c600c0000  439             java.util.concurrent.locks.AbstractQueuedSynchronizer::release (33 bytes)
Event: 10,643 Thread 0x00007f1c600c3000  440             java.util.concurrent.locks.ReentrantLock$Sync::tryRelease (45 bytes)
Event: 10,648 Thread 0x00007f1c600c3000 nmethod 440 0x00007f1c5cd208d0 code [0x00007f1c5cd20a00, 0x00007f1c5cd20ab8]
Event: 10,651 Thread 0x00007f1c600c3000  441             java.util.concurrent.locks.ReentrantLock::unlock (10 bytes)
Event: 10,665 Thread 0x00007f1c600c0000 nmethod 439 0x00007f1c5cd1ed10 code [0x00007f1c5cd1ee60, 0x00007f1c5cd1ef78]
Event: 10,671 Thread 0x00007f1c600c3000 nmethod 441 0x00007f1c5cd1e950 code [0x00007f1c5cd1eaa0, 0x00007f1c5cd1ebb8]

GC Heap History (10 events):
Event: 10,873 GC heap after
Heap after GC invocations=13 (full 1):
 PSYoungGen      total 96256K, used 7651K [0x00000000f2200000, 0x0000000100000000, 0x0000000100000000)
  eden space 88576K, 0% used [0x00000000f2200000,0x00000000f2200000,0x00000000f7880000)
  from space 7680K, 99% used [0x00000000f9680000,0x00000000f9df8d80,0x00000000f9e00000)
  to   space 30720K, 0% used [0x00000000f7880000,0x00000000f7880000,0x00000000f9680000)
 ParOldGen       total 66048K, used 66007K [0x00000000d6600000, 0x00000000da680000, 0x00000000f2200000)
  object space 66048K, 99% used [0x00000000d6600000,0x00000000da675da0,0x00000000da680000)
 PSPermGen       total 50176K, used 29537K [0x00000000cc000000, 0x00000000cf100000, 0x00000000d6600000)
  object space 50176K, 58% used [0x00000000cc000000,0x00000000cdcd8438,0x00000000cf100000)
}
Event: 10,873 GC heap before
{Heap before GC invocations=14 (full 2):
 PSYoungGen      total 96256K, used 7651K [0x00000000f2200000, 0x0000000100000000, 0x0000000100000000)
  eden space 88576K, 0% used [0x00000000f2200000,0x00000000f2200000,0x00000000f7880000)
  from space 7680K, 99% used [0x00000000f9680000,0x00000000f9df8d80,0x00000000f9e00000)
  to   space 30720K, 0% used [0x00000000f7880000,0x00000000f7880000,0x00000000f9680000)
 ParOldGen       total 66048K, used 66007K [0x00000000d6600000, 0x00000000da680000, 0x00000000f2200000)
  object space 66048K, 99% used [0x00000000d6600000,0x00000000da675da0,0x00000000da680000)
 PSPermGen       total 50176K, used 29537K [0x00000000cc000000, 0x00000000cf100000, 0x00000000d6600000)
  object space 50176K, 58% used [0x00000000cc000000,0x00000000cdcd8438,0x00000000cf100000)
Event: 11,267 GC heap after
Heap after GC invocations=14 (full 2):
 PSYoungGen      total 96256K, used 6615K [0x00000000f2200000, 0x0000000100000000, 0x0000000100000000)
  eden space 88576K, 0% used [0x00000000f2200000,0x00000000f2200000,0x00000000f7880000)
  from space 7680K, 86% used [0x00000000f9680000,0x00000000f9cf5c58,0x00000000f9e00000)
  to   space 30720K, 0% used [0x00000000f7880000,0x00000000f7880000,0x00000000f9680000)
 ParOldGen       total 108032K, used 65876K [0x00000000d6600000, 0x00000000dcf80000, 0x00000000f2200000)
  object space 108032K, 60% used [0x00000000d6600000,0x00000000da6552d0,0x00000000dcf80000)
 PSPermGen       total 59904K, used 29534K [0x00000000cc000000, 0x00000000cfa80000, 0x00000000d6600000)
  object space 59904K, 49% used [0x00000000cc000000,0x00000000cdcd7998,0x00000000cfa80000)
}
Event: 11,310 GC heap before
{Heap before GC invocations=15 (full 2):
 PSYoungGen      total 96256K, used 95191K [0x00000000f2200000, 0x0000000100000000, 0x0000000100000000)
  eden space 88576K, 100% used [0x00000000f2200000,0x00000000f7880000,0x00000000f7880000)
  from space 7680K, 86% used [0x00000000f9680000,0x00000000f9cf5c58,0x00000000f9e00000)
  to   space 30720K, 0% used [0x00000000f7880000,0x00000000f7880000,0x00000000f9680000)
 ParOldGen       total 108032K, used 65876K [0x00000000d6600000, 0x00000000dcf80000, 0x00000000f2200000)
  object space 108032K, 60% used [0x00000000d6600000,0x00000000da6552d0,0x00000000dcf80000)
 PSPermGen       total 59904K, used 29559K [0x00000000cc000000, 0x00000000cfa80000, 0x00000000d6600000)
  object space 59904K, 49% used [0x00000000cc000000,0x00000000cdcddd60,0x00000000cfa80000)
Event: 11,738 GC heap after
Heap after GC invocations=15 (full 2):
 PSYoungGen      total 119296K, used 30702K [0x00000000f2200000, 0x0000000100000000, 0x0000000100000000)
  eden space 88576K, 0% used [0x00000000f2200000,0x00000000f2200000,0x00000000f7880000)
  from space 30720K, 99% used [0x00000000f7880000,0x00000000f967bbd0,0x00000000f9680000)
  to   space 60416K, 0% used [0x00000000fc500000,0x00000000fc500000,0x0000000100000000)
 ParOldGen       total 130048K, used 129123K [0x00000000d6600000, 0x00000000de500000, 0x00000000f2200000)
  object space 130048K, 99% used [0x00000000d6600000,0x00000000de418dd8,0x00000000de500000)
 PSPermGen       total 59904K, used 29559K [0x00000000cc000000, 0x00000000cfa80000, 0x00000000d6600000)
  object space 59904K, 49% used [0x00000000cc000000,0x00000000cdcddd60,0x00000000cfa80000)
}
Event: 11,738 GC heap before
{Heap before GC invocations=16 (full 3):
 PSYoungGen      total 119296K, used 30702K [0x00000000f2200000, 0x0000000100000000, 0x0000000100000000)
  eden space 88576K, 0% used [0x00000000f2200000,0x00000000f2200000,0x00000000f7880000)
  from space 30720K, 99% used [0x00000000f7880000,0x00000000f967bbd0,0x00000000f9680000)
  to   space 60416K, 0% used [0x00000000fc500000,0x00000000fc500000,0x0000000100000000)
 ParOldGen       total 130048K, used 129123K [0x00000000d6600000, 0x00000000de500000, 0x00000000f2200000)
  object space 130048K, 99% used [0x00000000d6600000,0x00000000de418dd8,0x00000000de500000)
 PSPermGen       total 59904K, used 29559K [0x00000000cc000000, 0x00000000cfa80000, 0x00000000d6600000)
  object space 59904K, 49% used [0x00000000cc000000,0x00000000cdcddd60,0x00000000cfa80000)
Event: 11,862 GC heap after
Heap after GC invocations=16 (full 3):
 PSYoungGen      total 119296K, used 26578K [0x00000000f2200000, 0x0000000100000000, 0x0000000100000000)
  eden space 88576K, 0% used [0x00000000f2200000,0x00000000f2200000,0x00000000f7880000)
  from space 30720K, 86% used [0x00000000f7880000,0x00000000f92749a0,0x00000000f9680000)
  to   space 60416K, 0% used [0x00000000fc500000,0x00000000fc500000,0x0000000100000000)
 ParOldGen       total 200704K, used 129725K [0x00000000d6600000, 0x00000000e2a00000, 0x00000000f2200000)
  object space 200704K, 64% used [0x00000000d6600000,0x00000000de4af7c8,0x00000000e2a00000)
 PSPermGen       total 59904K, used 29559K [0x00000000cc000000, 0x00000000cfa80000, 0x00000000d6600000)
  object space 59904K, 49% used [0x00000000cc000000,0x00000000cdcddd60,0x00000000cfa80000)
}
Event: 12,382 GC heap before
{Heap before GC invocations=17 (full 3):
 PSYoungGen      total 119296K, used 115154K [0x00000000f2200000, 0x0000000100000000, 0x0000000100000000)
  eden space 88576K, 100% used [0x00000000f2200000,0x00000000f7880000,0x00000000f7880000)
  from space 30720K, 86% used [0x00000000f7880000,0x00000000f92749a0,0x00000000f9680000)
  to   space 60416K, 0% used [0x00000000fc500000,0x00000000fc500000,0x0000000100000000)
 ParOldGen       total 200704K, used 129725K [0x00000000d6600000, 0x00000000e2a00000, 0x00000000f2200000)
  object space 200704K, 64% used [0x00000000d6600000,0x00000000de4af7c8,0x00000000e2a00000)
 PSPermGen       total 59904K, used 30232K [0x00000000cc000000, 0x00000000cfa80000, 0x00000000d6600000)
  object space 59904K, 50% used [0x00000000cc000000,0x00000000cdd862c0,0x00000000cfa80000)
Event: 13,060 GC heap after
Heap after GC invocations=17 (full 3):
 PSYoungGen      total 136192K, used 60413K [0x00000000f2200000, 0x0000000100000000, 0x0000000100000000)
  eden space 75776K, 0% used [0x00000000f2200000,0x00000000f2200000,0x00000000f6c00000)
  from space 60416K, 99% used [0x00000000fc500000,0x00000000fffff5b0,0x0000000100000000)
  to   space 75776K, 0% used [0x00000000f6c00000,0x00000000f6c00000,0x00000000fb600000)
 ParOldGen       total 200704K, used 176298K [0x00000000d6600000, 0x00000000e2a00000, 0x00000000f2200000)
  object space 200704K, 87% used [0x00000000d6600000,0x00000000e122a838,0x00000000e2a00000)
 PSPermGen       total 59904K, used 30232K [0x00000000cc000000, 0x00000000cfa80000, 0x00000000d6600000)
  object space 59904K, 50% used [0x00000000cc000000,0x00000000cdd862c0,0x00000000cfa80000)
}
Event: 13,060 GC heap before
{Heap before GC invocations=18 (full 4):
 PSYoungGen      total 136192K, used 60413K [0x00000000f2200000, 0x0000000100000000, 0x0000000100000000)
  eden space 75776K, 0% used [0x00000000f2200000,0x00000000f2200000,0x00000000f6c00000)
  from space 60416K, 99% used [0x00000000fc500000,0x00000000fffff5b0,0x0000000100000000)
  to   space 75776K, 0% used [0x00000000f6c00000,0x00000000f6c00000,0x00000000fb600000)
 ParOldGen       total 200704K, used 176298K [0x00000000d6600000, 0x00000000e2a00000, 0x00000000f2200000)
  object space 200704K, 87% used [0x00000000d6600000,0x00000000e122a838,0x00000000e2a00000)
 PSPermGen       total 59904K, used 30232K [0x00000000cc000000, 0x00000000cfa80000, 0x00000000d6600000)
  object space 59904K, 50% used [0x00000000cc000000,0x00000000cdd862c0,0x00000000cfa80000)

Deoptimization events (10 events):
Event: 9,481 Thread 0x00007f1c60011800 Uncommon trap: reason=class_check action=maybe_recompile pc=0x00007f1c5cc99af4 method=java.util.AbstractCollection.isEmpty()Z @ 1
Event: 9,501 Thread 0x00007f1c60011800 Uncommon trap: reason=class_check action=maybe_recompile pc=0x00007f1c5cc9a648 method=com.typesafe.config.impl.Tokenizer$TokenIterator.nextCharRaw()I @ 14
Event: 9,501 Thread 0x00007f1c60011800 Uncommon trap: reason=class_check action=maybe_recompile pc=0x00007f1c5cc9a648 method=com.typesafe.config.impl.Tokenizer$TokenIterator.nextCharRaw()I @ 14
Event: 9,501 Thread 0x00007f1c60011800 Uncommon trap: reason=class_check action=maybe_recompile pc=0x00007f1c5cc9a648 method=com.typesafe.config.impl.Tokenizer$TokenIterator.nextCharRaw()I @ 14
Event: 9,501 Thread 0x00007f1c60011800 Uncommon trap: reason=class_check action=maybe_recompile pc=0x00007f1c5cc9a648 method=com.typesafe.config.impl.Tokenizer$TokenIterator.nextCharRaw()I @ 14
Event: 9,860 Thread 0x00007f1c60011800 Uncommon trap: reason=range_check action=none pc=0x00007f1c5cc7e954 method=sun.reflect.generics.parser.SignatureParser.current()C @ 34
Event: 9,861 Thread 0x00007f1c60011800 Uncommon trap: reason=range_check action=none pc=0x00007f1c5cc7e954 method=sun.reflect.generics.parser.SignatureParser.current()C @ 34
Event: 9,934 Thread 0x00007f1c60011800 Uncommon trap: reason=range_check action=none pc=0x00007f1c5cc7e954 method=sun.reflect.generics.parser.SignatureParser.current()C @ 34
Event: 11,956 Thread 0x00007f1c60ea6800 Uncommon trap: reason=class_check action=maybe_recompile pc=0x00007f1c5ccc51e8 method=java.util.regex.Pattern$Slice.match(Ljava/util/regex/Matcher;ILjava/lang/CharSequence;)Z @ 75
Event: 11,956 Thread 0x00007f1c60ea6800 Uncommon trap: reason=class_check action=maybe_recompile pc=0x00007f1c5ccc51e8 method=java.util.regex.Pattern$Slice.match(Ljava/util/regex/Matcher;ILjava/lang/CharSequence;)Z @ 75

Internal exceptions (10 events):
Event: 12,362 Thread 0x00007f1c60e8b000 Threw 0x00000000f7781548 at /build/openjdk-7-FO0dNI/openjdk-7-7u79-2.5.6/build/openjdk/hotspot/src/share/vm/prims/jvm.cpp:1284
Event: 12,363 Thread 0x00007f1c60e8b000 Threw 0x00000000f778abd0 at /build/openjdk-7-FO0dNI/openjdk-7-7u79-2.5.6/build/openjdk/hotspot/src/share/vm/prims/jvm.cpp:1284
Event: 12,365 Thread 0x00007f1c60e8b000 Threw 0x00000000f7794f78 at /build/openjdk-7-FO0dNI/openjdk-7-7u79-2.5.6/build/openjdk/hotspot/src/share/vm/prims/jvm.cpp:1284
Event: 12,366 Thread 0x00007f1c60e8b000 Threw 0x00000000f779d280 at /build/openjdk-7-FO0dNI/openjdk-7-7u79-2.5.6/build/openjdk/hotspot/src/share/vm/prims/jvm.cpp:1284
Event: 12,367 Thread 0x00007f1c60e8b000 Threw 0x00000000f77a6748 at /build/openjdk-7-FO0dNI/openjdk-7-7u79-2.5.6/build/openjdk/hotspot/src/share/vm/prims/jvm.cpp:1284
Event: 12,369 Thread 0x00007f1c60e8b000 Threw 0x00000000f77b3710 at /build/openjdk-7-FO0dNI/openjdk-7-7u79-2.5.6/build/openjdk/hotspot/src/share/vm/prims/jvm.cpp:1284
Event: 12,373 Thread 0x00007f1c60ea6800 Threw 0x00000000f77094e0 at /build/openjdk-7-FO0dNI/openjdk-7-7u79-2.5.6/build/openjdk/hotspot/src/share/vm/prims/jvm.cpp:1284
Event: 12,375 Thread 0x00007f1c60ea6800 Threw 0x00000000f7715340 at /build/openjdk-7-FO0dNI/openjdk-7-7u79-2.5.6/build/openjdk/hotspot/src/share/vm/prims/jvm.cpp:1284
Event: 12,377 Thread 0x00007f1c60ea6800 Threw 0x00000000f7720ef0 at /build/openjdk-7-FO0dNI/openjdk-7-7u79-2.5.6/build/openjdk/hotspot/src/share/vm/prims/jvm.cpp:1284
Event: 12,378 Thread 0x00007f1c60e8b000 Threw 0x00000000f77bdff0 at /build/openjdk-7-FO0dNI/openjdk-7-7u79-2.5.6/build/openjdk/hotspot/src/share/vm/prims/jvm.cpp:1284

Events (10 events):
Event: 12,375 Thread 0x00007f1c60ea6800 DEOPT UNPACKING pc=0x00007f1c5cc2420f sp=0x00007f1c52d55d20 mode 1
Event: 12,377 loading class 0x00007f1c2802c740
Event: 12,377 loading class 0x00007f1c2802c740 done
Event: 12,377 Thread 0x00007f1c60ea6800 DEOPT PACKING pc=0x00007f1c5ccf2500 sp=0x00007f1c52d546e0
Event: 12,377 Thread 0x00007f1c60ea6800 DEOPT UNPACKING pc=0x00007f1c5cc2420f sp=0x00007f1c52d54350 mode 1
Event: 12,377 loading class 0x00007f1c60e7ad50
Event: 12,377 loading class 0x00007f1c60e7ad50 done
Event: 12,378 Thread 0x00007f1c60e8b000 DEOPT PACKING pc=0x00007f1c5ccf2500 sp=0x00007f1c52f57e60
Event: 12,378 Thread 0x00007f1c60e8b000 DEOPT UNPACKING pc=0x00007f1c5cc2420f sp=0x00007f1c52f57ad0 mode 1
Event: 12,378 Executing VM operation: ParallelGCFailedAllocation


Dynamic libraries:
00400000-00401000 r-xp 00000000 08:01 568871                             /usr/lib/jvm/java-7-openjdk-amd64/jre/bin/java
00600000-00601000 r--p 00000000 08:01 568871                             /usr/lib/jvm/java-7-openjdk-amd64/jre/bin/java
00601000-00602000 rw-p 00001000 08:01 568871                             /usr/lib/jvm/java-7-openjdk-amd64/jre/bin/java
00c6d000-00c8e000 rw-p 00000000 00:00 0                                  [heap]
cc000000-cfa80000 rw-p 00000000 00:00 0 
cfa80000-d6600000 rw-p 00000000 00:00 0 
d6600000-e2a00000 rw-p 00000000 00:00 0 
e8000000-f2200000 rw-p 00000000 00:00 0 
f2200000-100000000 rw-p 00000000 00:00 0 
7f1c1c000000-7f1c1c021000 rw-p 00000000 00:00 0 
7f1c1c021000-7f1c20000000 ---p 00000000 00:00 0 
7f1c20000000-7f1c20024000 rw-p 00000000 00:00 0 
7f1c20024000-7f1c24000000 ---p 00000000 00:00 0 
7f1c24000000-7f1c25364000 rw-p 00000000 00:00 0 
7f1c25364000-7f1c28000000 ---p 00000000 00:00 0 
7f1c28000000-7f1c28030000 rw-p 00000000 00:00 0 
7f1c28030000-7f1c2c000000 ---p 00000000 00:00 0 
7f1c2c000000-7f1c2c021000 rw-p 00000000 00:00 0 
7f1c2c021000-7f1c30000000 ---p 00000000 00:00 0 
7f1c30000000-7f1c316b4000 rw-p 00000000 00:00 0 
7f1c316b4000-7f1c34000000 ---p 00000000 00:00 0 
7f1c34000000-7f1c34021000 rw-p 00000000 00:00 0 
7f1c34021000-7f1c38000000 ---p 00000000 00:00 0 
7f1c38000000-7f1c38021000 rw-p 00000000 00:00 0 
7f1c38021000-7f1c3c000000 ---p 00000000 00:00 0 
7f1c3c000000-7f1c3c021000 rw-p 00000000 00:00 0 
7f1c3c021000-7f1c40000000 ---p 00000000 00:00 0 
7f1c40000000-7f1c40021000 rw-p 00000000 00:00 0 
7f1c40021000-7f1c44000000 ---p 00000000 00:00 0 
7f1c44000000-7f1c44290000 rw-p 00000000 00:00 0 
7f1c44290000-7f1c48000000 ---p 00000000 00:00 0 
7f1c48000000-7f1c48021000 rw-p 00000000 00:00 0 
7f1c48021000-7f1c4c000000 ---p 00000000 00:00 0 
7f1c4c000000-7f1c4c046000 rw-p 00000000 00:00 0 
7f1c4c046000-7f1c50000000 ---p 00000000 00:00 0 
7f1c523f2000-7f1c523f5000 ---p 00000000 00:00 0 
7f1c523f5000-7f1c524f3000 rw-p 00000000 00:00 0                          [stack:16677]
7f1c524f3000-7f1c524f6000 ---p 00000000 00:00 0 
7f1c524f6000-7f1c525f4000 rw-p 00000000 00:00 0                          [stack:16676]
7f1c525f4000-7f1c525f7000 ---p 00000000 00:00 0 
7f1c525f7000-7f1c526f5000 rw-p 00000000 00:00 0                          [stack:16675]
7f1c526f5000-7f1c526f8000 ---p 00000000 00:00 0 
7f1c526f8000-7f1c527f6000 rw-p 00000000 00:00 0                          [stack:16674]
7f1c527f6000-7f1c527f9000 ---p 00000000 00:00 0 
7f1c527f9000-7f1c528f7000 rw-p 00000000 00:00 0                          [stack:16673]
7f1c528f7000-7f1c528fa000 ---p 00000000 00:00 0 
7f1c528fa000-7f1c529f8000 rw-p 00000000 00:00 0                          [stack:16672]
7f1c529f8000-7f1c529fb000 ---p 00000000 00:00 0 
7f1c529fb000-7f1c52bca000 rw-p 00000000 00:00 0                          [stack:16671]
7f1c52c58000-7f1c52c5b000 ---p 00000000 00:00 0 
7f1c52c5b000-7f1c52d59000 rw-p 00000000 00:00 0                          [stack:16670]
7f1c52d59000-7f1c52d5c000 ---p 00000000 00:00 0 
7f1c52d5c000-7f1c52e5a000 rw-p 00000000 00:00 0                          [stack:16669]
7f1c52e5a000-7f1c52e5d000 ---p 00000000 00:00 0 
7f1c52e5d000-7f1c52f5b000 rw-p 00000000 00:00 0                          [stack:16668]
7f1c52f5b000-7f1c52f5e000 ---p 00000000 00:00 0 
7f1c52f5e000-7f1c5305c000 rw-p 00000000 00:00 0                          [stack:16667]
7f1c5305c000-7f1c5305f000 ---p 00000000 00:00 0 
7f1c5305f000-7f1c5315d000 rw-p 00000000 00:00 0                          [stack:16662]
7f1c5315d000-7f1c53165000 r-xp 00000000 08:01 568815                     /usr/lib/jvm/java-7-openjdk-amd64/jre/lib/amd64/libmanagement.so
7f1c53165000-7f1c53364000 ---p 00008000 08:01 568815                     /usr/lib/jvm/java-7-openjdk-amd64/jre/lib/amd64/libmanagement.so
7f1c53364000-7f1c53365000 r--p 00007000 08:01 568815                     /usr/lib/jvm/java-7-openjdk-amd64/jre/lib/amd64/libmanagement.so
7f1c53365000-7f1c53366000 rw-p 00008000 08:01 568815                     /usr/lib/jvm/java-7-openjdk-amd64/jre/lib/amd64/libmanagement.so
7f1c53366000-7f1c53376000 r-xp 00000000 08:01 568826                     /usr/lib/jvm/java-7-openjdk-amd64/jre/lib/amd64/libnio.so
7f1c53376000-7f1c53576000 ---p 00010000 08:01 568826                     /usr/lib/jvm/java-7-openjdk-amd64/jre/lib/amd64/libnio.so
7f1c53576000-7f1c53577000 r--p 00010000 08:01 568826                     /usr/lib/jvm/java-7-openjdk-amd64/jre/lib/amd64/libnio.so
7f1c53577000-7f1c53578000 rw-p 00011000 08:01 568826                     /usr/lib/jvm/java-7-openjdk-amd64/jre/lib/amd64/libnio.so
7f1c53578000-7f1c535b5000 r-xp 00000000 08:01 397120                     /lib/x86_64-linux-gnu/libpcre.so.3.13.1
7f1c535b5000-7f1c537b4000 ---p 0003d000 08:01 397120                     /lib/x86_64-linux-gnu/libpcre.so.3.13.1
7f1c537b4000-7f1c537b5000 r--p 0003c000 08:01 397120                     /lib/x86_64-linux-gnu/libpcre.so.3.13.1
7f1c537b5000-7f1c537b6000 rw-p 0003d000 08:01 397120                     /lib/x86_64-linux-gnu/libpcre.so.3.13.1
7f1c537b6000-7f1c537bd000 r-xp 00000000 08:01 661312                     /usr/lib/x86_64-linux-gnu/libffi.so.6.0.1
7f1c537bd000-7f1c539bc000 ---p 00007000 08:01 661312                     /usr/lib/x86_64-linux-gnu/libffi.so.6.0.1
7f1c539bc000-7f1c539bd000 r--p 00006000 08:01 661312                     /usr/lib/x86_64-linux-gnu/libffi.so.6.0.1
7f1c539bd000-7f1c539be000 rw-p 00007000 08:01 661312                     /usr/lib/x86_64-linux-gnu/libffi.so.6.0.1
7f1c539be000-7f1c539d5000 r-xp 00000000 08:01 397143                     /lib/x86_64-linux-gnu/libresolv-2.19.so
7f1c539d5000-7f1c53bd5000 ---p 00017000 08:01 397143                     /lib/x86_64-linux-gnu/libresolv-2.19.so
7f1c53bd5000-7f1c53bd6000 r--p 00017000 08:01 397143                     /lib/x86_64-linux-gnu/libresolv-2.19.so
7f1c53bd6000-7f1c53bd7000 rw-p 00018000 08:01 397143                     /lib/x86_64-linux-gnu/libresolv-2.19.so
7f1c53bd7000-7f1c53bd9000 rw-p 00000000 00:00 0 
7f1c53bd9000-7f1c53bf9000 r-xp 00000000 08:01 397147                     /lib/x86_64-linux-gnu/libselinux.so.1
7f1c53bf9000-7f1c53df8000 ---p 00020000 08:01 397147                     /lib/x86_64-linux-gnu/libselinux.so.1
7f1c53df8000-7f1c53df9000 r--p 0001f000 08:01 397147                     /lib/x86_64-linux-gnu/libselinux.so.1
7f1c53df9000-7f1c53dfa000 rw-p 00020000 08:01 397147                     /lib/x86_64-linux-gnu/libselinux.so.1
7f1c53dfa000-7f1c53dfc000 rw-p 00000000 00:00 0 
7f1c53dfc000-7f1c53dff000 r-xp 00000000 08:01 661425                     /usr/lib/x86_64-linux-gnu/libgmodule-2.0.so.0.4002.0
7f1c53dff000-7f1c53ffe000 ---p 00003000 08:01 661425                     /usr/lib/x86_64-linux-gnu/libgmodule-2.0.so.0.4002.0
7f1c53ffe000-7f1c53fff000 r--p 00002000 08:01 661425                     /usr/lib/x86_64-linux-gnu/libgmodule-2.0.so.0.4002.0
7f1c53fff000-7f1c54000000 rw-p 00003000 08:01 661425                     /usr/lib/x86_64-linux-gnu/libgmodule-2.0.so.0.4002.0
7f1c54000000-7f1c5404a000 rw-p 00000000 00:00 0 
7f1c5404a000-7f1c58000000 ---p 00000000 00:00 0 
7f1c58044000-7f1c5814a000 r-xp 00000000 08:01 397048                     /lib/x86_64-linux-gnu/libglib-2.0.so.0.4002.0
7f1c5814a000-7f1c58349000 ---p 00106000 08:01 397048                     /lib/x86_64-linux-gnu/libglib-2.0.so.0.4002.0
7f1c58349000-7f1c5834a000 r--p 00105000 08:01 397048                     /lib/x86_64-linux-gnu/libglib-2.0.so.0.4002.0
7f1c5834a000-7f1c5834b000 rw-p 00106000 08:01 397048                     /lib/x86_64-linux-gnu/libglib-2.0.so.0.4002.0
7f1c5834b000-7f1c5834c000 rw-p 00000000 00:00 0 
7f1c5834c000-7f1c5839b000 r-xp 00000000 08:01 661441                     /usr/lib/x86_64-linux-gnu/libgobject-2.0.so.0.4002.0
7f1c5839b000-7f1c5859b000 ---p 0004f000 08:01 661441                     /usr/lib/x86_64-linux-gnu/libgobject-2.0.so.0.4002.0
7f1c5859b000-7f1c5859c000 r--p 0004f000 08:01 661441                     /usr/lib/x86_64-linux-gnu/libgobject-2.0.so.0.4002.0
7f1c5859c000-7f1c5859d000 rw-p 00050000 08:01 661441                     /usr/lib/x86_64-linux-gnu/libgobject-2.0.so.0.4002.0
7f1c5859d000-7f1c58709000 r-xp 00000000 08:01 661413                     /usr/lib/x86_64-linux-gnu/libgio-2.0.so.0.4002.0
7f1c58709000-7f1c58908000 ---p 0016c000 08:01 661413                     /usr/lib/x86_64-linux-gnu/libgio-2.0.so.0.4002.0
7f1c58908000-7f1c5890c000 r--p 0016b000 08:01 661413                     /usr/lib/x86_64-linux-gnu/libgio-2.0.so.0.4002.0
7f1c5890c000-7f1c5890e000 rw-p 0016f000 08:01 661413                     /usr/lib/x86_64-linux-gnu/libgio-2.0.so.0.4002.0
7f1c5890e000-7f1c58910000 rw-p 00000000 00:00 0 
7f1c5891f000-7f1c58924000 r--s 0004d000 08:01 568766                     /usr/lib/jvm/java-7-openjdk-amd64/jre/lib/jsse.jar
7f1c58924000-7f1c5893b000 r-xp 00000000 08:01 568821                     /usr/lib/jvm/java-7-openjdk-amd64/jre/lib/amd64/libnet.so
7f1c5893b000-7f1c58b3a000 ---p 00017000 08:01 568821                     /usr/lib/jvm/java-7-openjdk-amd64/jre/lib/amd64/libnet.so
7f1c58b3a000-7f1c58b3b000 r--p 00016000 08:01 568821                     /usr/lib/jvm/java-7-openjdk-amd64/jre/lib/amd64/libnet.so
7f1c58b3b000-7f1c58b3c000 rw-p 00017000 08:01 568821                     /usr/lib/jvm/java-7-openjdk-amd64/jre/lib/amd64/libnet.so
7f1c58b3c000-7f1c58b3e000 r--s 00009000 08:01 2010227                    /home/attila/.m2/repository/org/objenesis/objenesis/2.1/objenesis-2.1.jar
7f1c58b3e000-7f1c58b40000 r--s 00000000 08:01 2009897                    /home/attila/.m2/repository/com/esotericsoftware/minlog/minlog/1.2/minlog-1.2.jar
7f1c58b40000-7f1c58b46000 r--s 0004d000 08:01 2010225                    /home/attila/.m2/repository/com/esotericsoftware/kryo/kryo/2.24.0/kryo-2.24.0.jar
7f1c58b46000-7f1c58b73000 r--s 00211000 08:01 2009575                    /home/attila/.m2/repository/com/hazelcast/hazelcast/3.0/hazelcast-3.0.jar
7f1c58b73000-7f1c58b77000 r--s 00014000 08:01 443281                     /home/attila/.m2/repository/org/tukaani/xz/1.0/xz-1.0.jar
7f1c58b77000-7f1c58b7c000 r--s 00036000 08:01 443279                     /home/attila/.m2/repository/org/apache/commons/commons-compress/1.4.1/commons-compress-1.4.1.jar
7f1c58b7c000-7f1c58b7e000 r--s 00006000 08:01 443277                     /home/attila/.m2/repository/com/thoughtworks/paranamer/paranamer/2.3/paranamer-2.3.jar
7f1c58b7e000-7f1c58b8c000 r--s 000b1000 08:01 443275                     /home/attila/.m2/repository/org/codehaus/jackson/jackson-mapper-asl/1.9.13/jackson-mapper-asl-1.9.13.jar
7f1c58b8c000-7f1c58b90000 r--s 00035000 08:01 443273                     /home/attila/.m2/repository/org/codehaus/jackson/jackson-core-asl/1.9.13/jackson-core-asl-1.9.13.jar
7f1c58b90000-7f1c58b99000 r--s 00062000 08:01 1878518                    /home/attila/.m2/repository/org/apache/avro/avro/1.7.7/avro-1.7.7.jar
7f1c58b99000-7f1c58b9b000 r--s 00027000 08:01 1878348                    /home/attila/.m2/repository/net/jpountz/lz4/lz4/1.2.0/lz4-1.2.0.jar
7f1c58b9b000-7f1c58b9e000 r--s 0008f000 08:01 1878346                    /home/attila/.m2/repository/org/xerial/snappy/snappy-java/1.1.1.7/snappy-java-1.1.1.7.jar
7f1c58b9e000-7f1c58ba5000 r--s 00049000 08:01 1878344                    /home/attila/.m2/repository/org/apache/kafka/kafka-clients/0.8.2.2/kafka-clients-0.8.2.2.jar
7f1c58ba5000-7f1c58bae000 r--s 0006f000 08:01 439679                     /home/attila/.m2/repository/log4j/log4j/1.2.17/log4j-1.2.17.jar
7f1c58bae000-7f1c58bb0000 r--s 00001000 08:01 2010249                    /home/attila/.m2/repository/org/slf4j/slf4j-log4j12/1.7.12/slf4j-log4j12-1.7.12.jar
7f1c58bb0000-7f1c58bc8000 r--s 00110000 08:01 1878342                    /home/attila/.m2/repository/io/netty/netty/3.7.0.Final/netty-3.7.0.Final.jar
7f1c58bc8000-7f1c58c3a000 r--s 0065a000 08:01 2009967                    /home/attila/.m2/repository/org/scala-lang/scala-library/2.10.4/scala-library-2.10.4.jar
7f1c58c3a000-7f1c58c81000 r--s 00388000 08:01 838954                     /home/attila/.m2/repository/org/apache/kafka/kafka_2.10/0.8.2.0/kafka_2.10-0.8.2.0.jar
7f1c58c81000-7f1c58cbf000 r--s 0029b000 08:01 707935                     /home/attila/.m2/repository/org/apache/flink/flink-optimizer/0.9.1/flink-optimizer-0.9.1.jar
7f1c58cbf000-7f1c58cfb000 r--s 002ae000 08:01 707933                     /home/attila/.m2/repository/org/apache/flink/flink-clients/0.9.1/flink-clients-0.9.1.jar
7f1c58cfb000-7f1c58cff000 r--s 00018000 08:01 2010247                    /home/attila/.m2/repository/io/dropwizard/metrics/metrics-core/3.1.2/metrics-core-3.1.2.jar
7f1c58cff000-7f1c58d03000 r--s 0001b000 08:01 838946                     /home/attila/.m2/repository/com/github/scopt/scopt_2.10/3.2.0/scopt_2.10-3.2.0.jar
7f1c58d03000-7f1c58d04000 r--s 00001000 08:01 838944                     /home/attila/.m2/repository/org/clapper/grizzled-slf4j_2.10/1.0.2/grizzled-slf4j_2.10-1.0.2.jar
7f1c58d04000-7f1c58d05000 r--s 00003000 08:01 838942                     /home/attila/.m2/repository/com/typesafe/akka/akka-slf4j_2.10/2.3.7/akka-slf4j_2.10-2.3.7.jar
7f1c58d05000-7f1c58d07000 r--s 0000a000 08:01 838940                     /home/attila/.m2/repository/org/uncommons/maths/uncommons-maths/1.2.2a/uncommons-maths-1.2.2a.jar
7f1c58d07000-7f1c58d0f000 r--s 0007b000 08:01 443748                     /home/attila/.m2/repository/com/google/protobuf/protobuf-java/2.5.0/protobuf-java-2.5.0.jar
7f1c58d0f000-7f1c58d24000 r--s 00134000 08:01 838938                     /home/attila/.m2/repository/com/typesafe/akka/akka-remote_2.10/2.3.7/akka-remote_2.10-2.3.7.jar
7f1c58d24000-7f1c58d28000 r--s 00032000 08:01 838936                     /home/attila/.m2/repository/com/typesafe/config/1.2.1/config-1.2.1.jar
7f1c58d28000-7f1c58d4d000 r--s 00253000 08:01 838934                     /home/attila/.m2/repository/com/typesafe/akka/akka-actor_2.10/2.3.7/akka-actor_2.10-2.3.7.jar
7f1c58d4d000-7f1c58d4f000 r--s 00005000 08:01 838932                     /home/attila/.m2/repository/stax/stax-api/1.0.1/stax-api-1.0.1.jar
7f1c58d4f000-7f1c58d51000 r--s 0000f000 08:01 838930                     /home/attila/.m2/repository/org/codehaus/jettison/jettison/1.1/jettison-1.1.jar
7f1c58d51000-7f1c58d5b000 r--s 000a5000 08:01 838928                     /home/attila/.m2/repository/org/javassist/javassist/3.18.1-GA/javassist-3.18.1-GA.jar
7f1c58d5b000-7f1c58d5c000 rw-p 00000000 00:00 0 
7f1c58d5c000-7f1c58d5d000 r--s 00007000 08:01 837505                     /home/attila/.m2/repository/org/slf4j/slf4j-api/1.7.12/slf4j-api-1.7.12.jar
7f1c58d5d000-7f1c58d64000 r--s 0005e000 08:01 969640                     /home/attila/.m2/repository/org/apache/commons/commons-lang3/3.3.2/commons-lang3-3.3.2.jar
7f1c58d64000-7f1c58d66000 r--s 0000e000 08:01 2009971                    /home/attila/.m2/repository/com/101tec/zkclient/0.3/zkclient-0.3.jar
7f1c58d66000-7f1c58d68000 r--s 00014000 08:01 1878340                    /home/attila/.m2/repository/jline/jline/0.9.94/jline-0.9.94.jar
7f1c58d68000-7f1c58d74000 r--s 000b6000 08:01 1878338                    /home/attila/.m2/repository/org/apache/zookeeper/zookeeper/3.4.6/zookeeper-3.4.6.jar
7f1c58d74000-7f1c58d77000 r--s 00012000 08:01 2009965                    /home/attila/.m2/repository/com/yammer/metrics/metrics-core/2.2.0/metrics-core-2.2.0.jar
7f1c58d77000-7f1c58d79000 r--s 0000a000 08:01 838952                     /home/attila/.m2/repository/org/apache/sling/org.apache.sling.commons.json/2.0.6/org.apache.sling.commons.json-2.0.6.jar
7f1c58d79000-7f1c58d8c000 r--s 000df000 08:01 838950                     /home/attila/.m2/repository/org/apache/commons/commons-math/2.2/commons-math-2.2.jar
7f1c58d8c000-7f1c58d8e000 r--s 0000f000 08:01 838948                     /home/attila/.m2/repository/commons-fileupload/commons-fileupload/1.3.1/commons-fileupload-1.3.1.jar
7f1c58d8e000-7f1c58d8f000 r--s 00003000 08:01 572193                     /home/attila/.m2/repository/io/dropwizard/metrics/metrics-json/3.1.0/metrics-json-3.1.0.jar
7f1c58d8f000-7f1c58d91000 r--s 00007000 08:01 571304                     /home/attila/.m2/repository/io/dropwizard/metrics/metrics-jvm/3.1.0/metrics-jvm-3.1.0.jar
7f1c58d91000-7f1c58db1000 r--s 001ba000 08:01 838926                     /home/attila/.m2/repository/io/netty/netty-all/4.0.27.Final/netty-all-4.0.27.Final.jar
7f1c58db1000-7f1c58db3000 r--s 0000a000 08:01 838924                     /home/attila/.m2/repository/commons-codec/commons-codec/1.3/commons-codec-1.3.jar
7f1c58db3000-7f1c58dba000 r--s 0003f000 08:01 838922                     /home/attila/.m2/repository/org/apache/httpcomponents/httpcore/4.3.3/httpcore-4.3.3.jar
7f1c58dba000-7f1c58dc6000 r--s 00085000 08:01 443746                     /home/attila/.m2/repository/org/apache/httpcomponents/httpclient/4.3.6/httpclient-4.3.6.jar
7f1c58dc6000-7f1c58dc8000 r--s 0000d000 08:01 2010245                    /home/attila/.m2/repository/commons-logging/commons-logging/1.1.1/commons-logging-1.1.1.jar
7f1c58dc8000-7f1c58eda000 r--s 00b3b000 08:01 838920                     /home/attila/.m2/repository/com/amazonaws/aws-java-sdk/1.8.1/aws-java-sdk-1.8.1.jar
7f1c58eda000-7f1c58edd000 r--s 0001a000 08:01 707931                     /home/attila/.m2/repository/org/eclipse/jetty/jetty-servlet/9.2.13.v20150730/jetty-servlet-9.2.13.v20150730.jar
7f1c58edd000-7f1c58ee0000 r--s 00015000 08:01 707929                     /home/attila/.m2/repository/org/eclipse/jetty/jetty-security/9.2.13.v20150730/jetty-security-9.2.13.v20150730.jar
7f1c58ee0000-7f1c58ee3000 r--s 00018000 08:01 707927                     /home/attila/.m2/repository/org/eclipse/jetty/jetty-io/9.2.13.v20150730/jetty-io-9.2.13.v20150730.jar
7f1c58ee3000-7f1c58ee9000 r--s 00052000 08:01 572189                     /home/attila/.m2/repository/org/eclipse/jetty/jetty-util/9.2.13.v20150730/jetty-util-9.2.13.v20150730.jar
7f1c58ee9000-7f1c58eeb000 r--s 00018000 08:01 572187                     /home/attila/.m2/repository/org/eclipse/jetty/jetty-http/9.2.13.v20150730/jetty-http-9.2.13.v20150730.jar
7f1c58eeb000-7f1c58eee000 r--s 00015000 08:01 572172                     /home/attila/.m2/repository/javax/servlet/javax.servlet-api/3.1.0/javax.servlet-api-3.1.0.jar
7f1c58eee000-7f1c58ef4000 r--s 00061000 08:01 443744                     /home/attila/.m2/repository/org/eclipse/jetty/jetty-server/9.2.13.v20150730/jetty-server-9.2.13.v20150730.jar
7f1c58ef4000-7f1c58ef8000 r--s 0002a000 08:01 837740                     /home/attila/.m2/repository/commons-io/commons-io/2.4/commons-io-2.4.jar
7f1c58ef8000-7f1c58efa000 r--s 00009000 08:01 443742                     /home/attila/.m2/repository/commons-cli/commons-cli/1.2/commons-cli-1.2.jar
7f1c58efa000-7f1c58f09000 r--s 00081000 08:01 1878450                    /home/attila/.m2/repository/joda-time/joda-time/2.5/joda-time-2.5.jar
7f1c58f09000-7f1c58f0c000 r--s 0000f000 08:01 443740                     /home/attila/.m2/repository/de/javakaffee/kryo-serializers/0.27/kryo-serializers-0.27.jar
7f1c58f0c000-7f1c58f0d000 r--s 00006000 08:01 2010243                    /home/attila/.m2/repository/com/twitter/bijection-avro_2.10/0.7.2/bijection-avro_2.10-0.7.2.jar
7f1c58f0d000-7f1c58f3e000 r--s 00188000 08:01 2010241                    /home/attila/.m2/repository/com/twitter/bijection-core_2.10/0.7.2/bijection-core_2.10-0.7.2.jar
7f1c58f3e000-7f1c58f40000 r--s 00004000 08:01 2010239                    /home/attila/.m2/repository/com/twitter/chill-bijection_2.10/0.5.2/chill-bijection_2.10-0.5.2.jar
7f1c58f40000-7f1c58f41000 r--s 00000000 08:01 2010237                    /home/attila/.m2/repository/com/twitter/chill-avro_2.10/0.5.2/chill-avro_2.10-0.5.2.jar
7f1c58f41000-7f1c58f87000 r--s 002ef000 08:01 2010235                    /home/attila/.m2/repository/org/apache/flink/flink-java/0.9.1/flink-java-0.9.1.jar
7f1c58f87000-7f1c58fe2000 r--s 0045c000 08:01 2010233                    /home/attila/.m2/repository/org/apache/flink/flink-runtime/0.9.1/flink-runtime-0.9.1.jar
7f1c58fe2000-7f1c58fe4000 r--s 0000a000 08:01 2010231                    /home/attila/.m2/repository/com/twitter/chill-java/0.5.2/chill-java-0.5.2.jar
7f1c58fe4000-7f1c58fe8000 r--s 00032000 08:01 2010229                    /home/attila/.m2/repository/com/twitter/chill_2.10/0.5.2/chill_2.10-0.5.2.jar
7f1c58fe8000-7f1c58ff6000 r--s 0007f000 08:01 1878350                    /home/attila/.m2/repository/commons-collections/commons-collections/3.2.1/commons-collections-3.2.1.jar
7f1c58ff6000-7f1c5903d000 rw-p 00000000 00:00 0 
7f1c5903d000-7f1c59220000 r--s 01ac8000 08:01 2010223                    /home/attila/.m2/repository/org/apache/flink/flink-shaded-include-yarn/0.9.1/flink-shaded-include-yarn-0.9.1.jar
7f1c59220000-7f1c59260000 r--s 0028b000 08:01 2010221                    /home/attila/.m2/repository/org/apache/flink/flink-core/0.9.1/flink-core-0.9.1.jar
7f1c59260000-7f1c592a3000 r--s 002a8000 08:01 2010219                    /home/attila/.m2/repository/org/apache/flink/flink-streaming-core/0.9.1/flink-streaming-core-0.9.1.jar
7f1c592a3000-7f1c592df000 r--s 00256000 08:01 1878795                    /home/attila/.m2/repository/org/apache/flink/flink-connector-kafka/0.9.1/flink-connector-kafka-0.9.1.jar
7f1c592df000-7f1c592e3000 r--s 00034000 08:01 1091244                    /home/attila/.m2/repository/com/fasterxml/jackson/core/jackson-core/2.4.6/jackson-core-2.4.6.jar
7f1c592e3000-7f1c592e6000 r--s 00007000 08:01 968240                     /home/attila/.m2/repository/com/fasterxml/jackson/core/jackson-annotations/2.4.6/jackson-annotations-2.4.6.jar
7f1c592e6000-7f1c592f7000 r--s 000f7000 08:01 570093                     /home/attila/.m2/repository/com/fasterxml/jackson/core/jackson-databind/2.4.6/jackson-databind-2.4.6.jar
7f1c592f7000-7f1c592ff000 r--s 0003b000 08:01 1091242                    /home/attila/.m2/repository/org/springframework/boot/spring-boot-actuator/1.2.7.RELEASE/spring-boot-actuator-1.2.7.RELEASE.jar
7f1c592ff000-7f1c59300000 r--s 00000000 08:01 1091240                    /home/attila/.m2/repository/org/springframework/boot/spring-boot-starter-actuator/1.2.7.RELEASE/spring-boot-starter-actuator-1.2.7.RELEASE.jar
7f1c59300000-7f1c59307000 r--s 0003d000 08:01 706736                     /home/attila/.m2/repository/org/yaml/snakeyaml/1.14/snakeyaml-1.14.jar
7f1c59307000-7f1c5931c000 r--s 000e2000 08:01 1877748                    /home/attila/.m2/repository/org/springframework/spring-core/4.1.8.RELEASE/spring-core-4.1.8.RELEASE.jar
7f1c5931c000-7f1c59327000 r--s 00065000 08:01 1091238                    /home/attila/.m2/repository/ch/qos/logback/logback-core/1.1.3/logback-core-1.1.3.jar
7f1c59327000-7f1c5932d000 r--s 0003f000 08:01 1091236                    /home/attila/.m2/repository/ch/qos/logback/logback-classic/1.1.3/logback-classic-1.1.3.jar
7f1c5932d000-7f1c5932f000 r--s 00000000 08:01 968236                     /home/attila/.m2/repository/org/slf4j/jul-to-slf4j/1.7.12/jul-to-slf4j-1.7.12.jar
7f1c5932f000-7f1c59331000 r--s 00003000 08:01 837503                     /home/attila/.m2/repository/org/slf4j/jcl-over-slf4j/1.7.12/jcl-over-slf4j-1.7.12.jar
7f1c59331000-7f1c59332000 r--s 00000000 08:01 837501                     /home/attila/.m2/repository/org/springframework/boot/spring-boot-starter-logging/1.2.7.RELEASE/spring-boot-starter-logging-1.2.7.RELEASE.jar
7f1c59332000-7f1c59342000 r--s 0006b000 08:01 570091                     /home/attila/.m2/repository/org/springframework/boot/spring-boot-autoconfigure/1.2.7.RELEASE/spring-boot-autoconfigure-1.2.7.RELEASE.jar
7f1c59342000-7f1c59347000 r--s 0003b000 08:01 570089                     /home/attila/.m2/repository/org/springframework/spring-expression/4.1.8.RELEASE/spring-expression-4.1.8.RELEASE.jar
7f1c59347000-7f1c59354000 r--s 000a1000 08:01 439706                     /home/attila/.m2/repository/org/springframework/spring-beans/4.1.8.RELEASE/spring-beans-4.1.8.RELEASE.jar
7f1c59354000-7f1c5935d000 r--s 0004f000 08:01 2009553                    /home/attila/.m2/repository/org/springframework/spring-aop/4.1.8.RELEASE/spring-aop-4.1.8.RELEASE.jar
7f1c5935d000-7f1c59375000 r--s 000e3000 08:01 1877740                    /home/attila/.m2/repository/org/springframework/spring-context/4.1.8.RELEASE/spring-context-4.1.8.RELEASE.jar
7f1c59375000-7f1c59376000 ---p 00000000 00:00 0 
7f1c59376000-7f1c59476000 rw-p 00000000 00:00 0                          [stack:16661]
7f1c59476000-7f1c59479000 ---p 00000000 00:00 0 
7f1c59479000-7f1c59577000 rw-p 00000000 00:00 0                          [stack:16660]
7f1c59577000-7f1c5957a000 ---p 00000000 00:00 0 
7f1c5957a000-7f1c59678000 rw-p 00000000 00:00 0                          [stack:16659]
7f1c59678000-7f1c5967b000 ---p 00000000 00:00 0 
7f1c5967b000-7f1c59779000 rw-p 00000000 00:00 0                          [stack:16658]
7f1c59779000-7f1c5977c000 ---p 00000000 00:00 0 
7f1c5977c000-7f1c5987a000 rw-p 00000000 00:00 0                          [stack:16655]
7f1c5987a000-7f1c5987d000 ---p 00000000 00:00 0 
7f1c5987d000-7f1c5997b000 rw-p 00000000 00:00 0                          [stack:16653]
7f1c5997b000-7f1c5997e000 ---p 00000000 00:00 0 
7f1c5997e000-7f1c59a7c000 rw-p 00000000 00:00 0                          [stack:16651]
7f1c59a7c000-7f1c59a80000 r-xp 00000000 08:01 568824                     /usr/lib/jvm/java-7-openjdk-amd64/jre/lib/amd64/libdt_socket.so
7f1c59a80000-7f1c59c7f000 ---p 00004000 08:01 568824                     /usr/lib/jvm/java-7-openjdk-amd64/jre/lib/amd64/libdt_socket.so
7f1c59c7f000-7f1c59c80000 r--p 00003000 08:01 568824                     /usr/lib/jvm/java-7-openjdk-amd64/jre/lib/amd64/libdt_socket.so
7f1c59c80000-7f1c59c81000 rw-p 00004000 08:01 568824                     /usr/lib/jvm/java-7-openjdk-amd64/jre/lib/amd64/libdt_socket.so
7f1c59c81000-7f1c59c84000 ---p 00000000 00:00 0 
7f1c59c84000-7f1c59d82000 rw-p 00000000 00:00 0                          [stack:16649]
7f1c59d82000-7f1c59d85000 ---p 00000000 00:00 0 
7f1c59d85000-7f1c59e83000 rw-p 00000000 00:00 0                          [stack:16647]
7f1c59e83000-7f1c59e86000 ---p 00000000 00:00 0 
7f1c59e86000-7f1c59f84000 rw-p 00000000 00:00 0                          [stack:16646]
7f1c59f84000-7f1c59f85000 ---p 00000000 00:00 0 
7f1c59f85000-7f1c5aa19000 rw-p 00000000 00:00 0                          [stack:16645]
7f1c5aa19000-7f1c5abca000 r--s 01d29000 08:01 568759                     /usr/lib/jvm/java-7-openjdk-amd64/jre/lib/rt.jar
7f1c5abca000-7f1c5c76a000 rw-p 00000000 00:00 0 
7f1c5c76a000-7f1c5c76b000 ---p 00000000 00:00 0 
7f1c5c76b000-7f1c5c86b000 rw-p 00000000 00:00 0                          [stack:16644]
7f1c5c86b000-7f1c5c86c000 ---p 00000000 00:00 0 
7f1c5c86c000-7f1c5c9ce000 rw-p 00000000 00:00 0                          [stack:16643]
7f1c5c9ce000-7f1c5ca4a000 rw-p 00000000 00:00 0 
7f1c5ca4a000-7f1c5ca68000 rw-p 00000000 00:00 0 
7f1c5ca68000-7f1c5ca9d000 rw-p 00000000 00:00 0 
7f1c5ca9d000-7f1c5caff000 rw-p 00000000 00:00 0 
7f1c5caff000-7f1c5cb7b000 rw-p 00000000 00:00 0 
7f1c5cb7b000-7f1c5cbea000 rw-p 00000000 00:00 0 
7f1c5cbea000-7f1c5cbeb000 rw-p 00000000 00:00 0 
7f1c5cbeb000-7f1c5ce5b000 rwxp 00000000 00:00 0 
7f1c5ce5b000-7f1c5fbeb000 rw-p 00000000 00:00 0 
7f1c5fbeb000-7f1c5fbf3000 r-xp 00000000 08:01 568792                     /usr/lib/jvm/java-7-openjdk-amd64/jre/lib/amd64/libzip.so
7f1c5fbf3000-7f1c5fdf2000 ---p 00008000 08:01 568792                     /usr/lib/jvm/java-7-openjdk-amd64/jre/lib/amd64/libzip.so
7f1c5fdf2000-7f1c5fdf3000 r--p 00007000 08:01 568792                     /usr/lib/jvm/java-7-openjdk-amd64/jre/lib/amd64/libzip.so
7f1c5fdf3000-7f1c5fdf4000 rw-p 00008000 08:01 568792                     /usr/lib/jvm/java-7-openjdk-amd64/jre/lib/amd64/libzip.so
7f1c5fdf4000-7f1c5fdff000 r-xp 00000000 08:01 397092                     /lib/x86_64-linux-gnu/libnss_files-2.19.so
7f1c5fdff000-7f1c5fffe000 ---p 0000b000 08:01 397092                     /lib/x86_64-linux-gnu/libnss_files-2.19.so
7f1c5fffe000-7f1c5ffff000 r--p 0000a000 08:01 397092                     /lib/x86_64-linux-gnu/libnss_files-2.19.so
7f1c5ffff000-7f1c60000000 rw-p 0000b000 08:01 397092                     /lib/x86_64-linux-gnu/libnss_files-2.19.so
7f1c60000000-7f1c60f03000 rw-p 00000000 00:00 0 
7f1c60f03000-7f1c64000000 ---p 00000000 00:00 0 
7f1c64000000-7f1c64002000 r--s 00000000 08:01 1877766                    /home/attila/.m2/repository/aopalliance/aopalliance/1.0/aopalliance-1.0.jar
7f1c64002000-7f1c6400c000 r--s 00060000 08:01 439704                     /home/attila/.m2/repository/org/springframework/boot/spring-boot/1.2.7.RELEASE/spring-boot-1.2.7.RELEASE.jar
7f1c6400c000-7f1c6400d000 r--s 00000000 08:01 1877738                    /home/attila/.m2/repository/org/springframework/boot/spring-boot-starter/1.2.7.RELEASE/spring-boot-starter-1.2.7.RELEASE.jar
7f1c6400d000-7f1c6400f000 r--s 00009000 08:01 439681                     /home/attila/.m2/repository/org/hamcrest/hamcrest-core/1.3/hamcrest-core-1.3.jar
7f1c6400f000-7f1c64076000 rw-p 00000000 00:00 0 
7f1c64076000-7f1c640ab000 rw-p 00000000 00:00 0 
7f1c640ab000-7f1c640b6000 r-xp 00000000 08:01 397102                     /lib/x86_64-linux-gnu/libnss_nis-2.19.so
7f1c640b6000-7f1c642b5000 ---p 0000b000 08:01 397102                     /lib/x86_64-linux-gnu/libnss_nis-2.19.so
7f1c642b5000-7f1c642b6000 r--p 0000a000 08:01 397102                     /lib/x86_64-linux-gnu/libnss_nis-2.19.so
7f1c642b6000-7f1c642b7000 rw-p 0000b000 08:01 397102                     /lib/x86_64-linux-gnu/libnss_nis-2.19.so
7f1c642b7000-7f1c642ce000 r-xp 00000000 08:01 397086                     /lib/x86_64-linux-gnu/libnsl-2.19.so
7f1c642ce000-7f1c644cd000 ---p 00017000 08:01 397086                     /lib/x86_64-linux-gnu/libnsl-2.19.so
7f1c644cd000-7f1c644ce000 r--p 00016000 08:01 397086                     /lib/x86_64-linux-gnu/libnsl-2.19.so
7f1c644ce000-7f1c644cf000 rw-p 00017000 08:01 397086                     /lib/x86_64-linux-gnu/libnsl-2.19.so
7f1c644cf000-7f1c644d1000 rw-p 00000000 00:00 0 
7f1c644d1000-7f1c644da000 r-xp 00000000 08:01 397088                     /lib/x86_64-linux-gnu/libnss_compat-2.19.so
7f1c644da000-7f1c646d9000 ---p 00009000 08:01 397088                     /lib/x86_64-linux-gnu/libnss_compat-2.19.so
7f1c646d9000-7f1c646da000 r--p 00008000 08:01 397088                     /lib/x86_64-linux-gnu/libnss_compat-2.19.so
7f1c646da000-7f1c646db000 rw-p 00009000 08:01 397088                     /lib/x86_64-linux-gnu/libnss_compat-2.19.so
7f1c646db000-7f1c64f30000 r--p 00000000 08:01 658891                     /usr/lib/locale/locale-archive
7f1c64f30000-7f1c64f33000 r-xp 00000000 08:01 568812                     /usr/lib/jvm/java-7-openjdk-amd64/jre/lib/amd64/libnpt.so
7f1c64f33000-7f1c65132000 ---p 00003000 08:01 568812                     /usr/lib/jvm/java-7-openjdk-amd64/jre/lib/amd64/libnpt.so
7f1c65132000-7f1c65133000 r--p 00002000 08:01 568812                     /usr/lib/jvm/java-7-openjdk-amd64/jre/lib/amd64/libnpt.so
7f1c65133000-7f1c65134000 rw-p 00003000 08:01 568812                     /usr/lib/jvm/java-7-openjdk-amd64/jre/lib/amd64/libnpt.so
7f1c65134000-7f1c6516e000 r-xp 00000000 08:01 568809                     /usr/lib/jvm/java-7-openjdk-amd64/jre/lib/amd64/libjdwp.so
7f1c6516e000-7f1c6536d000 ---p 0003a000 08:01 568809                     /usr/lib/jvm/java-7-openjdk-amd64/jre/lib/amd64/libjdwp.so
7f1c6536d000-7f1c6536e000 r--p 00039000 08:01 568809                     /usr/lib/jvm/java-7-openjdk-amd64/jre/lib/amd64/libjdwp.so
7f1c6536e000-7f1c6536f000 rw-p 0003a000 08:01 568809                     /usr/lib/jvm/java-7-openjdk-amd64/jre/lib/amd64/libjdwp.so
7f1c6536f000-7f1c6539a000 r-xp 00000000 08:01 568829                     /usr/lib/jvm/java-7-openjdk-amd64/jre/lib/amd64/libjava.so
7f1c6539a000-7f1c65599000 ---p 0002b000 08:01 568829                     /usr/lib/jvm/java-7-openjdk-amd64/jre/lib/amd64/libjava.so
7f1c65599000-7f1c6559a000 r--p 0002a000 08:01 568829                     /usr/lib/jvm/java-7-openjdk-amd64/jre/lib/amd64/libjava.so
7f1c6559a000-7f1c6559c000 rw-p 0002b000 08:01 568829                     /usr/lib/jvm/java-7-openjdk-amd64/jre/lib/amd64/libjava.so
7f1c6559c000-7f1c655ac000 r-xp 00000000 08:01 568810                     /usr/lib/jvm/java-7-openjdk-amd64/jre/lib/amd64/libverify.so
7f1c655ac000-7f1c657ab000 ---p 00010000 08:01 568810                     /usr/lib/jvm/java-7-openjdk-amd64/jre/lib/amd64/libverify.so
7f1c657ab000-7f1c657ad000 r--p 0000f000 08:01 568810                     /usr/lib/jvm/java-7-openjdk-amd64/jre/lib/amd64/libverify.so
7f1c657ad000-7f1c657ae000 rw-p 00011000 08:01 568810                     /usr/lib/jvm/java-7-openjdk-amd64/jre/lib/amd64/libverify.so
7f1c657ae000-7f1c657b5000 r-xp 00000000 08:01 397145                     /lib/x86_64-linux-gnu/librt-2.19.so
7f1c657b5000-7f1c659b4000 ---p 00007000 08:01 397145                     /lib/x86_64-linux-gnu/librt-2.19.so
7f1c659b4000-7f1c659b5000 r--p 00006000 08:01 397145                     /lib/x86_64-linux-gnu/librt-2.19.so
7f1c659b5000-7f1c659b6000 rw-p 00007000 08:01 397145                     /lib/x86_64-linux-gnu/librt-2.19.so
7f1c659b6000-7f1c659cc000 r-xp 00000000 08:01 397044                     /lib/x86_64-linux-gnu/libgcc_s.so.1
7f1c659cc000-7f1c65bcb000 ---p 00016000 08:01 397044                     /lib/x86_64-linux-gnu/libgcc_s.so.1
7f1c65bcb000-7f1c65bcc000 rw-p 00015000 08:01 397044                     /lib/x86_64-linux-gnu/libgcc_s.so.1
7f1c65bcc000-7f1c65cd1000 r-xp 00000000 08:01 397067                     /lib/x86_64-linux-gnu/libm-2.19.so
7f1c65cd1000-7f1c65ed0000 ---p 00105000 08:01 397067                     /lib/x86_64-linux-gnu/libm-2.19.so
7f1c65ed0000-7f1c65ed1000 r--p 00104000 08:01 397067                     /lib/x86_64-linux-gnu/libm-2.19.so
7f1c65ed1000-7f1c65ed2000 rw-p 00105000 08:01 397067                     /lib/x86_64-linux-gnu/libm-2.19.so
7f1c65ed2000-7f1c65fb8000 r-xp 00000000 08:01 661934                     /usr/lib/x86_64-linux-gnu/libstdc++.so.6.0.19
7f1c65fb8000-7f1c661b7000 ---p 000e6000 08:01 661934                     /usr/lib/x86_64-linux-gnu/libstdc++.so.6.0.19
7f1c661b7000-7f1c661bf000 r--p 000e5000 08:01 661934                     /usr/lib/x86_64-linux-gnu/libstdc++.so.6.0.19
7f1c661bf000-7f1c661c1000 rw-p 000ed000 08:01 661934                     /usr/lib/x86_64-linux-gnu/libstdc++.so.6.0.19
7f1c661c1000-7f1c661d6000 rw-p 00000000 00:00 0 
7f1c661d6000-7f1c66cef000 r-xp 00000000 08:01 568798                     /usr/lib/jvm/java-7-openjdk-amd64/jre/lib/amd64/server/libjvm.so
7f1c66cef000-7f1c66eef000 ---p 00b19000 08:01 568798                     /usr/lib/jvm/java-7-openjdk-amd64/jre/lib/amd64/server/libjvm.so
7f1c66eef000-7f1c66f89000 r--p 00b19000 08:01 568798                     /usr/lib/jvm/java-7-openjdk-amd64/jre/lib/amd64/server/libjvm.so
7f1c66f89000-7f1c66fac000 rw-p 00bb3000 08:01 568798                     /usr/lib/jvm/java-7-openjdk-amd64/jre/lib/amd64/server/libjvm.so
7f1c66fac000-7f1c66fda000 rw-p 00000000 00:00 0 
7f1c66fda000-7f1c66ff2000 r-xp 00000000 08:01 397180                     /lib/x86_64-linux-gnu/libz.so.1.2.8
7f1c66ff2000-7f1c671f1000 ---p 00018000 08:01 397180                     /lib/x86_64-linux-gnu/libz.so.1.2.8
7f1c671f1000-7f1c671f2000 r--p 00017000 08:01 397180                     /lib/x86_64-linux-gnu/libz.so.1.2.8
7f1c671f2000-7f1c671f3000 rw-p 00018000 08:01 397180                     /lib/x86_64-linux-gnu/libz.so.1.2.8
7f1c671f3000-7f1c6720c000 r-xp 00000000 08:01 397137                     /lib/x86_64-linux-gnu/libpthread-2.19.so
7f1c6720c000-7f1c6740b000 ---p 00019000 08:01 397137                     /lib/x86_64-linux-gnu/libpthread-2.19.so
7f1c6740b000-7f1c6740c000 r--p 00018000 08:01 397137                     /lib/x86_64-linux-gnu/libpthread-2.19.so
7f1c6740c000-7f1c6740d000 rw-p 00019000 08:01 397137                     /lib/x86_64-linux-gnu/libpthread-2.19.so
7f1c6740d000-7f1c67411000 rw-p 00000000 00:00 0 
7f1c67411000-7f1c67414000 r-xp 00000000 08:01 397034                     /lib/x86_64-linux-gnu/libdl-2.19.so
7f1c67414000-7f1c67613000 ---p 00003000 08:01 397034                     /lib/x86_64-linux-gnu/libdl-2.19.so
7f1c67613000-7f1c67614000 r--p 00002000 08:01 397034                     /lib/x86_64-linux-gnu/libdl-2.19.so
7f1c67614000-7f1c67615000 rw-p 00003000 08:01 397034                     /lib/x86_64-linux-gnu/libdl-2.19.so
7f1c67615000-7f1c677d0000 r-xp 00000000 08:01 397017                     /lib/x86_64-linux-gnu/libc-2.19.so
7f1c677d0000-7f1c679cf000 ---p 001bb000 08:01 397017                     /lib/x86_64-linux-gnu/libc-2.19.so
7f1c679cf000-7f1c679d3000 r--p 001ba000 08:01 397017                     /lib/x86_64-linux-gnu/libc-2.19.so
7f1c679d3000-7f1c679d5000 rw-p 001be000 08:01 397017                     /lib/x86_64-linux-gnu/libc-2.19.so
7f1c679d5000-7f1c679da000 rw-p 00000000 00:00 0 
7f1c679da000-7f1c679e7000 r-xp 00000000 08:01 568795                     /usr/lib/jvm/java-7-openjdk-amd64/jre/lib/amd64/jli/libjli.so
7f1c679e7000-7f1c67be6000 ---p 0000d000 08:01 568795                     /usr/lib/jvm/java-7-openjdk-amd64/jre/lib/amd64/jli/libjli.so
7f1c67be6000-7f1c67be7000 r--p 0000c000 08:01 568795                     /usr/lib/jvm/java-7-openjdk-amd64/jre/lib/amd64/jli/libjli.so
7f1c67be7000-7f1c67be8000 rw-p 0000d000 08:01 568795                     /usr/lib/jvm/java-7-openjdk-amd64/jre/lib/amd64/jli/libjli.so
7f1c67be8000-7f1c67c0b000 r-xp 00000000 08:01 396993                     /lib/x86_64-linux-gnu/ld-2.19.so
7f1c67c0b000-7f1c67c13000 r--s 00045000 08:01 1877774                    /home/attila/.m2/repository/junit/junit/4.12/junit-4.12.jar
7f1c67c13000-7f1c67c17000 r--s 0003c000 08:01 568779                     /usr/lib/jvm/java-7-openjdk-amd64/jre/lib/ext/sunpkcs11.jar
7f1c67c17000-7f1c67c19000 r--s 00006000 08:01 926131                     /usr/share/java/java-atk-wrapper.jar
7f1c67c19000-7f1c67c1d000 r--s 00085000 08:01 568776                     /usr/lib/jvm/java-7-openjdk-amd64/jre/lib/ext/localedata.jar
7f1c67c1d000-7f1c67c38000 rw-p 00000000 00:00 0 
7f1c67c38000-7f1c67cee000 rw-p 00000000 00:00 0 
7f1c67cee000-7f1c67cf1000 ---p 00000000 00:00 0 
7f1c67cf1000-7f1c67df4000 rw-p 00000000 00:00 0                          [stack:16642]
7f1c67df4000-7f1c67df5000 r--s 00002000 08:01 568777                     /usr/lib/jvm/java-7-openjdk-amd64/jre/lib/ext/dnsns.jar
7f1c67df5000-7f1c67df9000 r--s 00034000 08:01 568778                     /usr/lib/jvm/java-7-openjdk-amd64/jre/lib/ext/sunjce_provider.jar
7f1c67df9000-7f1c67dfc000 r--s 0000f000 08:01 568780                     /usr/lib/jvm/java-7-openjdk-amd64/jre/lib/ext/icedtea-sound.jar
7f1c67dfc000-7f1c67dfe000 r--s 00012000 08:01 568781                     /usr/lib/jvm/java-7-openjdk-amd64/jre/lib/ext/zipfs.jar
7f1c67dfe000-7f1c67e06000 rw-s 00000000 08:01 572218                     /tmp/hsperfdata_attila/16636
7f1c67e06000-7f1c67e07000 rw-p 00000000 00:00 0 
7f1c67e07000-7f1c67e08000 ---p 00000000 00:00 0 
7f1c67e08000-7f1c67e0a000 rw-p 00000000 00:00 0 
7f1c67e0a000-7f1c67e0b000 r--p 00022000 08:01 396993                     /lib/x86_64-linux-gnu/ld-2.19.so
7f1c67e0b000-7f1c67e0c000 rw-p 00023000 08:01 396993                     /lib/x86_64-linux-gnu/ld-2.19.so
7f1c67e0c000-7f1c67e0d000 rw-p 00000000 00:00 0 
7ffd79361000-7ffd79384000 rw-p 00000000 00:00 0                          [stack]
7ffd793ee000-7ffd793f0000 r--p 00000000 00:00 0                          [vvar]
7ffd793f0000-7ffd793f2000 r-xp 00000000 00:00 0                          [vdso]
ffffffffff600000-ffffffffff601000 r-xp 00000000 00:00 0                  [vsyscall]

VM Arguments:
jvm_args: -agentlib:jdwp=transport=dt_socket,suspend=y,address=localhost:56608 -Dfile.encoding=UTF-8 
java_command: com.nventdata.pipeline.application.Application --bootstrap.servers localhost:9092 --zookeeper.connect localhost:2181 --topic neverwinter
Launcher Type: SUN_STANDARD

Environment Variables:
PATH=/usr/local/sbin:/usr/local/bin:/usr/sbin:/usr/bin:/sbin:/bin:/usr/games:/usr/local/games
SHELL=/bin/bash
DISPLAY=:0.0

Signal Handlers:
SIGSEGV: [libjvm.so+0x94bab0], sa_mask[0]=0x7ffbfeff, sa_flags=0x10000004
SIGBUS: [libjvm.so+0x94bab0], sa_mask[0]=0x7ffbfeff, sa_flags=0x10000004
SIGFPE: [libjvm.so+0x7c38b0], sa_mask[0]=0x7ffbfeff, sa_flags=0x10000004
SIGPIPE: [libjvm.so+0x7c38b0], sa_mask[0]=0x7ffbfeff, sa_flags=0x10000004
SIGXFSZ: [libjvm.so+0x7c38b0], sa_mask[0]=0x7ffbfeff, sa_flags=0x10000004
SIGILL: [libjvm.so+0x7c38b0], sa_mask[0]=0x7ffbfeff, sa_flags=0x10000004
SIGUSR1: SIG_DFL, sa_mask[0]=0x00000000, sa_flags=0x00000000
SIGUSR2: [libjvm.so+0x7c3750], sa_mask[0]=0x00000004, sa_flags=0x10000004
SIGHUP: [libjvm.so+0x7c3930], sa_mask[0]=0x7ffbfeff, sa_flags=0x10000004
SIGINT: [libjvm.so+0x7c3930], sa_mask[0]=0x7ffbfeff, sa_flags=0x10000004
SIGTERM: [libjvm.so+0x7c3930], sa_mask[0]=0x7ffbfeff, sa_flags=0x10000004
SIGQUIT: [libjvm.so+0x7c3930], sa_mask[0]=0x7ffbfeff, sa_flags=0x10000004
SIGTRAP: SIG_DFL, sa_mask[0]=0x00000000, sa_flags=0x00000000


---------------  S Y S T E M  ---------------

OS:Ubuntu 14.04 (trusty)
uname:Linux 3.19.0-25-generic #26~14.04.1-Ubuntu SMP Fri Jul 24 21:16:20 UTC 2015 x86_64
libc:glibc 2.19 NPTL 2.19 
rlimit: STACK 8192k, CORE 0k, NPROC 7920, NOFILE 4096, AS infinity
load average:1,52 0,93 0,74

/proc/meminfo:
MemTotal:        2049120 kB
MemFree:           62492 kB
MemAvailable:      25524 kB
Buffers:             300 kB
Cached:            23704 kB
SwapCached:         4088 kB
Active:          1386828 kB
Inactive:         495896 kB
Active(anon):    1376244 kB
Inactive(anon):   487056 kB
Active(file):      10584 kB
Inactive(file):     8840 kB
Unevictable:          32 kB
Mlocked:              32 kB
SwapTotal:       1046524 kB
SwapFree:          60172 kB
Dirty:                56 kB
Writeback:            64 kB
AnonPages:       1855060 kB
Mapped:            19724 kB
Shmem:              4408 kB
Slab:              41924 kB
SReclaimable:      19264 kB
SUnreclaim:        22660 kB
KernelStack:        8752 kB
PageTables:        34676 kB
NFS_Unstable:          0 kB
Bounce:                0 kB
WritebackTmp:          0 kB
CommitLimit:     2071084 kB
Committed_AS:    5950848 kB
VmallocTotal:   34359738367 kB
VmallocUsed:       29292 kB
VmallocChunk:   34359703292 kB
HardwareCorrupted:     0 kB
AnonHugePages:   1232896 kB
CmaTotal:              0 kB
CmaFree:               0 kB
HugePages_Total:       0
HugePages_Free:        0
HugePages_Rsvd:        0
HugePages_Surp:        0
Hugepagesize:       2048 kB
DirectMap4k:       73664 kB
DirectMap2M:     2023424 kB


CPU:total 2 (2 cores per cpu, 1 threads per core) family 6 model 58 stepping 9, cmov, cx8, fxsr, mmx, sse, sse2, sse3, ssse3, sse4.1, sse4.2, popcnt, avx, tsc, tscinvbit, tscinv

/proc/cpuinfo:
processor	: 0
vendor_id	: GenuineIntel
cpu family	: 6
model		: 58
model name	: Intel(R) Core(TM) i3-3110M CPU @ 2.40GHz
stepping	: 9
microcode	: 0x19
cpu MHz		: 2394.564
cache size	: 3072 KB
physical id	: 0
siblings	: 2
core id		: 0
cpu cores	: 2
apicid		: 0
initial apicid	: 0
fpu		: yes
fpu_exception	: yes
cpuid level	: 13
wp		: yes
flags		: fpu vme de pse tsc msr pae mce cx8 apic sep mtrr pge mca cmov pat pse36 clflush mmx fxsr sse sse2 ht syscall nx rdtscp lm constant_tsc rep_good nopl xtopology nonstop_tsc pni pclmulqdq ssse3 cx16 sse4_1 sse4_2 popcnt xsave avx hypervisor lahf_lm
bugs		:
bogomips	: 4789.12
clflush size	: 64
cache_alignment	: 64
address sizes	: 36 bits physical, 48 bits virtual
power management:

processor	: 1
vendor_id	: GenuineIntel
cpu family	: 6
model		: 58
model name	: Intel(R) Core(TM) i3-3110M CPU @ 2.40GHz
stepping	: 9
microcode	: 0x19
cpu MHz		: 2394.564
cache size	: 3072 KB
physical id	: 0
siblings	: 2
core id		: 1
cpu cores	: 2
apicid		: 1
initial apicid	: 1
fpu		: yes
fpu_exception	: yes
cpuid level	: 13
wp		: yes
flags		: fpu vme de pse tsc msr pae mce cx8 apic sep mtrr pge mca cmov pat pse36 clflush mmx fxsr sse sse2 ht syscall nx rdtscp lm constant_tsc rep_good nopl xtopology nonstop_tsc pni pclmulqdq ssse3 cx16 sse4_1 sse4_2 popcnt xsave avx hypervisor lahf_lm
bugs		:
bogomips	: 4789.12
clflush size	: 64
cache_alignment	: 64
address sizes	: 36 bits physical, 48 bits virtual
power management:



Memory: 4k page, physical 2049120k(62996k free), swap 1046524k(59984k free)

vm_info: OpenJDK 64-Bit Server VM (24.79-b02) for linux-amd64 JRE (1.7.0_79-b14), built on Jul 24 2015 08:15:54 by "buildd" with gcc 4.8.2

time: Tue Oct 27 05:52:25 2015
elapsed time: 13 seconds

